iter	| residual | massflow | pressure | enthalpy | fluid
--------+----------+----------+----------+----------+---------
1	| 2.31e+08 | 1.67e+03 | 1.72e+07 | 1.73e+07 | 0.00e+00
2	| 2.35e+09 | 6.15e+02 | 2.82e+06 | 1.63e+06 | 0.00e+00
3	| 5.77e+08 | 1.76e+03 | 8.07e+05 | 1.19e+05 | 0.00e+00
4	| 1.21e+07 | 1.02e+01 | 7.38e+05 | 2.90e+05 | 0.00e+00
5	| 1.54e+05 | 5.13e-01 | 4.35e+04 | 4.21e+03 | 0.00e+00
6	| 1.43e+02 | 1.15e-02 | 7.20e+00 | 1.24e+01 | 0.00e+00
7	| 6.36e-02 | 2.08e-06 | 1.26e-03 | 1.93e-03 | 0.00e+00
8	| 2.90e-07 | 3.28e-10 | 1.93e-07 | 3.33e-07 | 0.00e+00
--------+----------+----------+----------+----------+---------
Total iterations: 8, Calculation time: 0.2 s, Iterations per second: 32.55
iter	| residual | massflow | pressure | enthalpy | fluid
--------+----------+----------+----------+----------+---------
1	| 2.98e-08 | 1.58e-13 | 4.42e-09 | 5.93e-09 | 0.00e+00
2	| 3.01e-08 | 5.16e-12 | 4.88e-09 | 7.83e-09 | 0.00e+00
3	| 8.94e-08 | 2.60e-12 | 1.12e-09 | 6.55e-09 | 0.00e+00
4	| 8.95e-08 | 3.93e-12 | 5.32e-09 | 6.65e-09 | 0.00e+00
5	| 2.98e-08 | 7.69e-13 | 1.26e-09 | 5.98e-09 | 0.00e+00
--------+----------+----------+----------+----------+---------
Total iterations: 5, Calculation time: 0.1 s, Iterations per second: 33.99
##### RESULTS (Compressor) #####
+--------------------+----------+----------+----------+----------+
| label              |        P |    eta_s |       pr |     igva |
|--------------------+----------+----------+----------+----------|
| compressor stage 1 | 9.28e+07 | 9.20e-01 | 1.00e+01 | 0.00e+00 |
| compressor stage 2 | 1.30e+08 | 8.50e-01 | 1.19e+01 | 0.00e+00 |
+--------------------+----------+----------+----------+----------+
##### RESULTS (HeatExchangerSimple) #####
+----------+-----------+----------+----------+----------+----------+----------+----------+----------+
| label    |         Q |       pr |     zeta |        D |        L |       ks |       kA |     Tamb |
|----------+-----------+----------+----------+----------+----------+----------+----------+----------|
| cooler 1 | -7.91e+07 | 9.80e-01 | 1.95e+00 | 1.00e+00 | 1.00e+00 | 1.00e-04 | 1.00e+00 | 1.00e+00 |
| cooler 2 | -1.35e+08 | 9.80e-01 | 2.22e+02 | 1.00e+00 | 1.00e+00 | 1.00e-04 | 1.00e+00 | 1.00e+00 |
+----------+-----------+----------+----------+----------+----------+----------+----------+----------+
##### RESULTS (Pipe) #####
+---------+----------+----------+----------+----------+----------+----------+----------+----------+
| label   |        Q |       pr |     zeta |        D |        L |       ks |       kA |     Tamb |
|---------+----------+----------+----------+----------+----------+----------+----------+----------|
| pipe    | 0.00e+00 | 9.90e-01 | 1.44e+04 | 2.50e-01 | 1.06e+03 | 4.00e-05 | 1.00e+00 | 1.00e+00 |
+---------+----------+----------+----------+----------+----------+----------+----------+----------+
##### RESULTS (connections) #####
+--------------------------------------------+----------------+-------------+-----------------+-----------+
|                                            |   m / (kg / s) |   p / (bar) |   h / (kJ / kg) |   T / (C) |
|--------------------------------------------+----------------+-------------+-----------------+-----------|
| fresh air:out1 -> compressor stage 1:in1   |      3.118e+02 |   1.013e+00 |       4.194e+02 | 2.000e+01 |
| compressor stage 1:out1 -> cooler 1:in1    |      3.118e+02 |   1.013e+01 |       7.171e+02 | 3.114e+02 |
| cooler 1:out1 -> compressor stage 2:in1    |      3.118e+02 |   9.930e+00 |       4.632e+02 | 6.500e+01 |
| compressor stage 2:out1 -> cooler 2:in1    |      3.118e+02 |   1.186e+02 |       8.812e+02 | 4.622e+02 |
| cooler 2:out1 -> power plant outlet:in1    |      3.118e+02 |   1.162e+02 |       4.476e+02 | 6.500e+01 |
| power plant outlet source:out1 -> pipe:in1 |      3.464e+01 |   1.162e+02 |       4.476e+02 | 6.500e+01 |
| pipe:out1 -> cas:in1                       |      3.464e+01 |   1.150e+02 |       4.476e+02 | 6.487e+01 |
+--------------------------------------------+----------------+-------------+-----------------+-----------+
##### RESULTS (power input) #####
+--------------------+--------------+-------------+--------------+
| component          |   comp value |   bus value |   efficiency |
|--------------------+--------------+-------------+--------------|
| compressor stage 1 |    9.280e+07 |   9.567e+07 |    9.700e-01 |
| compressor stage 2 |    1.303e+08 |   1.343e+08 |    9.700e-01 |
| total              |    2.231e+08 |   2.300e+08 |  nan         |
+--------------------+--------------+-------------+--------------+
##### RESULTS (heat output) #####
+-------------+--------------+-------------+--------------+
| component   |   comp value |   bus value |   efficiency |
|-------------+--------------+-------------+--------------|
| cooler 1    |   -7.915e+07 |  -7.915e+07 |    1.000e+00 |
| cooler 2    |   -1.352e+08 |  -1.352e+08 |    1.000e+00 |
| total       |   -2.143e+08 |  -2.143e+08 |  nan         |
+-------------+--------------+-------------+--------------+
##### RESULTS (thermal input) #####
+-------------+--------------+-------------+--------------+
| component   |   comp value |   bus value |   efficiency |
|-------------+--------------+-------------+--------------|
| total       |    0.000e+00 |   0.000e+00 |          nan |
+-------------+--------------+-------------+--------------+
Offdesign test successful.
