iter	| residual | massflow | pressure | enthalpy | fluid
--------+----------+----------+----------+----------+---------
1	| 1.15e+08 | 1.63e+03 | 1.62e+07 | 1.23e+08 | 0.00e+00
2	| 5.22e+08 | 6.60e+02 | 1.43e+06 | 1.71e+06 | 0.00e+00
3	| 3.07e+08 | 2.24e+02 | 1.43e+06 | 9.52e+05 | 0.00e+00
4	| 2.08e+08 | 1.13e+02 | 2.41e+04 | 4.51e+05 | 0.00e+00
5	| 2.41e+07 | 1.12e+02 | 4.83e+04 | 3.43e+04 | 0.00e+00
6	| 1.58e+05 | 4.52e-01 | 7.22e+03 | 6.97e+03 | 0.00e+00
7	| 1.10e+02 | 2.82e-05 | 1.44e+00 | 6.03e+00 | 0.00e+00
8	| 5.97e-06 | 5.71e-12 | 2.61e-07 | 3.24e-07 | 0.00e+00
--------+----------+----------+----------+----------+---------
Total iterations: 8, Calculation time: 0.3 s, Iterations per second: 24.48
iter	| residual | massflow | pressure | enthalpy | fluid
--------+----------+----------+----------+----------+---------
1	| 3.97e-08 | 2.88e-14 | 4.46e-08 | 4.09e-09 | 0.00e+00
2	| 8.94e-08 | 1.43e-13 | 1.47e-09 | 4.12e-09 | 0.00e+00
3	| 4.47e-08 | 1.46e-12 | 4.21e-09 | 4.27e-09 | 0.00e+00
4	| 5.96e-08 | 1.32e-12 | 2.15e-09 | 4.36e-09 | 0.00e+00
5	| 5.96e-08 | 1.11e-13 | 9.66e-10 | 4.10e-09 | 0.00e+00
--------+----------+----------+----------+----------+---------
Total iterations: 5, Calculation time: 0.1 s, Iterations per second: 65.83
##### RESULTS (Pipe) #####
+---------+----------+----------+----------+----------+----------+----------+----------+----------+
| label   |        Q |       pr |     zeta |        D |        L |       ks |       kA |     Tamb |
|---------+----------+----------+----------+----------+----------+----------+----------+----------|
| pipe    | 0.00e+00 | 9.93e-01 | 1.44e+04 | 2.50e-01 | 1.06e+03 | 4.00e-05 | 1.00e+00 | 1.00e+00 |
+---------+----------+----------+----------+----------+----------+----------+----------+----------+
##### RESULTS (HeatExchangerSimple) #####
+----------+----------+----------+----------+----------+----------+----------+----------+----------+
| label    |        Q |       pr |     zeta |        D |        L |       ks |       kA |     Tamb |
|----------+----------+----------+----------+----------+----------+----------+----------+----------|
| heater 1 | 6.63e+07 | 9.80e-01 | 3.41e+02 | 1.00e+00 | 1.00e+00 | 1.00e-04 | 1.00e+00 | 1.00e+00 |
| heater 2 | 6.75e+07 | 9.80e-01 | 3.37e+00 | 1.00e+00 | 1.00e+00 | 1.00e-04 | 1.00e+00 | 1.00e+00 |
+----------+----------+----------+----------+----------+----------+----------+----------+----------+
##### RESULTS (Turbine) #####
+-----------+-----------+----------+----------+
| label     |         P |    eta_s |       pr |
|-----------+-----------+----------+----------|
| turbine 1 | -5.50e+07 | 8.50e-01 | 1.05e-01 |
| turbine 2 | -6.35e+07 | 9.00e-01 | 1.01e-01 |
+-----------+-----------+----------+----------+
##### RESULTS (connections) #####
+----------------------------------------------+----------------+-------------+-----------------+-----------+
|                                              |   m / (kg / s) |   p / (bar) |   h / (kJ / kg) |   T / (C) |
|----------------------------------------------+----------------+-------------+-----------------+-----------|
| cas:out1 -> pipe:in1                         |      2.586e+01 |   1.000e+02 |       4.193e+02 | 3.820e+01 |
| pipe:out1 -> powerplant input:in1            |      2.586e+01 |   9.930e+01 |       4.193e+02 | 3.810e+01 |
| powerplant input source:out1 -> heater 1:in1 |      2.327e+02 |   9.930e+01 |       4.193e+02 | 3.810e+01 |
| heater 1:out1 -> turbine 1:in1               |      2.327e+02 |   9.731e+01 |       7.042e+02 | 3.000e+02 |
| turbine 1:out1 -> heater 2:in1               |      2.327e+02 |   1.020e+01 |       4.678e+02 | 6.956e+01 |
| heater 2:out1 -> turbine 2:in1               |      2.327e+02 |   1.000e+01 |       7.578e+02 | 3.500e+02 |
| turbine 2:out1 -> ambient:in1                |      2.327e+02 |   1.013e+00 |       4.847e+02 | 8.482e+01 |
+----------------------------------------------+----------------+-------------+-----------------+-----------+
##### RESULTS (power output) #####
+-------------+--------------+-------------+--------------+
| component   |   comp value |   bus value |   efficiency |
|-------------+--------------+-------------+--------------|
| turbine 1   |   -5.501e+07 |  -5.336e+07 |    9.700e-01 |
| turbine 2   |   -6.355e+07 |  -6.164e+07 |    9.700e-01 |
| total       |   -1.186e+08 |  -1.150e+08 |  nan         |
+-------------+--------------+-------------+--------------+
##### RESULTS (heat input) #####
+-------------+--------------+-------------+--------------+
| component   |   comp value |   bus value |   efficiency |
|-------------+--------------+-------------+--------------|
| heater 1    |    6.630e+07 |   6.630e+07 |    1.000e+00 |
| heater 2    |    6.749e+07 |   6.749e+07 |    1.000e+00 |
| total       |    1.338e+08 |   1.338e+08 |  nan         |
+-------------+--------------+-------------+--------------+
##### RESULTS (thermal input) #####
+-------------+--------------+-------------+--------------+
| component   |   comp value |   bus value |   efficiency |
|-------------+--------------+-------------+--------------|
| total       |    0.000e+00 |   0.000e+00 |          nan |
+-------------+--------------+-------------+--------------+
Offdesign test successful.
Testing operational range successful
