iter	| residual | massflow | pressure | enthalpy | fluid
--------+----------+----------+----------+----------+---------
1	| 1.15e+08 | 1.35e+03 | 1.64e+07 | 8.61e+07 | 0.00e+00
2	| 4.19e+08 | 2.82e+02 | 2.10e+04 | 2.36e+06 | 0.00e+00
3	| 4.73e+08 | 1.11e+02 | 1.68e+05 | 8.76e+05 | 0.00e+00
4	| 4.12e+08 | 7.86e+01 | 3.33e+04 | 7.07e+05 | 0.00e+00
5	| 3.02e+07 | 1.89e+02 | 1.02e+05 | 3.21e+04 | 0.00e+00
6	| 2.15e+05 | 1.37e+00 | 1.24e+04 | 1.07e+03 | 0.00e+00
7	| 4.96e+01 | 1.93e-04 | 3.91e-01 | 2.10e+00 | 0.00e+00
8	| 1.22e-05 | 1.54e-11 | 9.41e-08 | 5.80e-07 | 0.00e+00
--------+----------+----------+----------+----------+---------
Total iterations: 8, Calculation time: 0.4 s, Iterations per second: 18.45
iter	| residual | massflow | pressure | enthalpy | fluid
--------+----------+----------+----------+----------+---------
1	| 8.55e-08 | 1.10e-12 | 1.10e-07 | 7.69e-09 | 0.00e+00
2	| 8.94e-08 | 3.41e-12 | 2.01e-08 | 7.59e-09 | 0.00e+00
3	| 5.96e-08 | 3.23e-12 | 6.71e-09 | 7.99e-09 | 0.00e+00
4	| 8.94e-08 | 2.21e-12 | 1.37e-08 | 8.41e-09 | 0.00e+00
5	| 1.19e-07 | 3.53e-12 | 1.20e-08 | 6.94e-09 | 0.00e+00
--------+----------+----------+----------+----------+---------
Total iterations: 5, Calculation time: 0.5 s, Iterations per second: 10.19
##### RESULTS (Pipe) #####
+---------+----------+----------+----------+----------+----------+----------+----------+----------+
| label   |        Q |       pr |     zeta |        D |        L |       ks |       kA |     Tamb |
|---------+----------+----------+----------+----------+----------+----------+----------+----------|
| pipe    | [94m0.00e+00[0m | 9.91e-01 | 1.44e+04 | [94m2.50e-01[0m | [94m1.06e+03[0m | [94m4.00e-05[0m | 1.00e+00 | 1.00e+00 |
+---------+----------+----------+----------+----------+----------+----------+----------+----------+
##### RESULTS (HeatExchangerSimple) #####
+----------+----------+----------+----------+----------+----------+----------+----------+----------+
| label    |        Q |       pr |     zeta |        D |        L |       ks |       kA |     Tamb |
|----------+----------+----------+----------+----------+----------+----------+----------+----------|
| heater 1 | 4.92e+07 | 9.80e-01 | [94m3.01e+02[0m | 1.00e+00 | 1.00e+00 | 1.00e-04 | 1.00e+00 | 1.00e+00 |
| heater 2 | 3.56e+07 | 9.80e-01 | [94m1.93e+01[0m | 1.00e+00 | 1.00e+00 | 1.00e-04 | 1.00e+00 | 1.00e+00 |
| heater 3 | 4.21e+07 | 9.80e-01 | [94m8.00e-01[0m | 1.00e+00 | 1.00e+00 | 1.00e-04 | 1.00e+00 | 1.00e+00 |
+----------+----------+----------+----------+----------+----------+----------+----------+----------+
##### RESULTS (Turbine) #####
+-----------+-----------+----------+----------+
| label     |         P |    eta_s |       pr |
|-----------+-----------+----------+----------|
| turbine 1 | -3.48e+07 | 8.50e-01 | 2.63e-01 |
| turbine 2 | -4.19e+07 | 9.00e-01 | 2.04e-01 |
| turbine 3 | -4.19e+07 | 9.00e-01 | 2.03e-01 |
+-----------+-----------+----------+----------+
##### RESULTS (connections) #####
+----------------------------------------------+----------------+-------------+-----------------+-----------+
|                                              |   m / (kg / s) |   p / (bar) |   h / (kJ / kg) |   T / (C) |
|----------------------------------------------+----------------+-------------+-----------------+-----------|
| cas:out1 -> pipe:in1                         |      2.905e+01 |   [94m1.000e+02[0m |       4.193e+02 | [94m3.820e+01[0m |
| pipe:out1 -> powerplant input:in1            |      2.905e+01 |   9.912e+01 |       4.193e+02 | 3.808e+01 |
| powerplant input source:out1 -> heater 1:in1 |      2.614e+02 |   9.912e+01 |       4.193e+02 | 3.808e+01 |
| heater 1:out1 -> turbine 1:in1               |      2.614e+02 |   9.714e+01 |       6.076e+02 | [94m2.100e+02[0m |
| turbine 1:out1 -> heater 2:in1               |      2.614e+02 |   2.551e+01 |       4.747e+02 | 7.857e+01 |
| heater 2:out1 -> turbine 2:in1               |      2.614e+02 |   2.500e+01 |       6.107e+02 | [94m2.100e+02[0m |
| turbine 2:out1 -> heater 3:in1               |      2.614e+02 |   5.102e+00 |       4.506e+02 | 5.176e+01 |
| heater 3:out1 -> turbine 3:in1               |      2.614e+02 |   5.000e+00 |       6.118e+02 | [94m2.100e+02[0m |
| turbine 3:out1 -> ambient:in1                |      2.614e+02 |   [94m1.013e+00[0m |       4.514e+02 | 5.177e+01 |
+----------------------------------------------+----------------+-------------+-----------------+-----------+
##### RESULTS (power output) #####
+-------------+--------------+-------------+--------------+
| component   |   comp value |   bus value |   efficiency |
|-------------+--------------+-------------+--------------|
| turbine 1   |   -3.475e+07 |  -3.371e+07 |    9.700e-01 |
| turbine 2   |   -4.186e+07 |  -4.060e+07 |    9.700e-01 |
| turbine 3   |   -4.194e+07 |  -4.069e+07 |    9.700e-01 |
| total       |   -1.186e+08 |  -1.150e+08 |  nan         |
+-------------+--------------+-------------+--------------+
##### RESULTS (heat input) #####
+-------------+--------------+-------------+--------------+
| component   |   comp value |   bus value |   efficiency |
|-------------+--------------+-------------+--------------|
| heater 1    |    4.923e+07 |   4.923e+07 |    1.000e+00 |
| heater 2    |    3.557e+07 |   3.557e+07 |    1.000e+00 |
| heater 3    |    4.215e+07 |   4.215e+07 |    1.000e+00 |
| total       |    1.269e+08 |   1.269e+08 |  nan         |
+-------------+--------------+-------------+--------------+
##### RESULTS (thermal input) #####
+-------------+--------------+-------------+--------------+
| component   |   comp value |   bus value |   efficiency |
|-------------+--------------+-------------+--------------|
| total       |    0.000e+00 |   0.000e+00 |          nan |
+-------------+--------------+-------------+--------------+
Offdesign test successful.
Testing operational range successful
