iter	| residual | massflow | pressure | enthalpy | fluid
--------+----------+----------+----------+----------+---------
1	| 2.31e+08 | 1.25e+03 | 1.80e+07 | 1.29e+07 | 0.00e+00
2	| 2.27e+09 | 3.28e+02 | 2.18e+06 | 2.43e+06 | 0.00e+00
3	| 4.57e+08 | 1.86e+03 | 6.65e+05 | 1.28e+05 | 0.00e+00
4	| 1.07e+07 | 9.43e+00 | 4.53e+05 | 2.51e+05 | 0.00e+00
5	| 1.01e+05 | 4.14e-01 | 2.93e+04 | 2.53e+03 | 0.00e+00
6	| 5.88e+01 | 3.46e-04 | 5.68e-02 | 1.15e+00 | 0.00e+00
7	| 2.40e-05 | 1.52e-10 | 7.82e-08 | 6.23e-07 | 0.00e+00
--------+----------+----------+----------+----------+---------
Total iterations: 7, Calculation time: 0.4 s, Iterations per second: 17.43
iter	| residual | massflow | pressure | enthalpy | fluid
--------+----------+----------+----------+----------+---------
1	| 1.30e-07 | 1.27e-13 | 1.60e-07 | 6.75e-09 | 0.00e+00
2	| 5.96e-08 | 8.83e-13 | 2.41e-09 | 4.72e-09 | 0.00e+00
3	| 8.95e-08 | 5.66e-12 | 4.58e-09 | 4.87e-09 | 0.00e+00
4	| 5.98e-08 | 1.02e-11 | 9.30e-09 | 7.31e-09 | 0.00e+00
5	| 5.97e-08 | 3.93e-12 | 3.17e-09 | 4.86e-09 | 0.00e+00
--------+----------+----------+----------+----------+---------
Total iterations: 5, Calculation time: 0.4 s, Iterations per second: 12.32
##### RESULTS (Compressor) #####
+--------------------+----------+----------+----------+----------+
| label              |        P |    eta_s |       pr |     igva |
|--------------------+----------+----------+----------+----------|
| compressor stage 1 | 6.54e+07 | 9.20e-01 | [94m5.00e+00[0m | 0.00e+00 |
| compressor stage 2 | 7.57e+07 | 9.20e-01 | [94m5.00e+00[0m | 0.00e+00 |
| compressor stage 3 | 8.20e+07 | 8.50e-01 | 4.89e+00 | 0.00e+00 |
+--------------------+----------+----------+----------+----------+
##### RESULTS (HeatExchangerSimple) #####
+----------+-----------+----------+----------+----------+----------+----------+----------+----------+
| label    |         Q |       pr |     zeta |        D |        L |       ks |       kA |     Tamb |
|----------+-----------+----------+----------+----------+----------+----------+----------+----------|
| cooler 1 | -4.98e+07 | 9.80e-01 | [94m4.37e-01[0m | 1.00e+00 | 1.00e+00 | 1.00e-04 | 1.00e+00 | 1.00e+00 |
| cooler 2 | -7.68e+07 | 9.80e-01 | [94m9.60e+00[0m | 1.00e+00 | 1.00e+00 | 1.00e-04 | 1.00e+00 | 1.00e+00 |
| cooler 3 | -8.66e+07 | 9.80e-01 | [94m2.10e+02[0m | 1.00e+00 | 1.00e+00 | 1.00e-04 | 1.00e+00 | 1.00e+00 |
+----------+-----------+----------+----------+----------+----------+----------+----------+----------+
##### RESULTS (Pipe) #####
+---------+----------+----------+----------+----------+----------+----------+----------+----------+
| label   |        Q |       pr |     zeta |        D |        L |       ks |       kA |     Tamb |
|---------+----------+----------+----------+----------+----------+----------+----------+----------|
| pipe    | [94m0.00e+00[0m | 9.87e-01 | 1.43e+04 | [94m2.50e-01[0m | [94m1.06e+03[0m | [94m4.00e-05[0m | 1.00e+00 | 1.00e+00 |
+---------+----------+----------+----------+----------+----------+----------+----------+----------+
##### RESULTS (connections) #####
+--------------------------------------------+----------------+-------------+-----------------+-----------+
|                                            |   m / (kg / s) |   p / (bar) |   h / (kJ / kg) |   T / (C) |
|--------------------------------------------+----------------+-------------+-----------------+-----------|
| fresh air:out1 -> compressor stage 1:in1   |      3.502e+02 |   [94m1.013e+00[0m |       4.194e+02 | [94m2.000e+01[0m |
| compressor stage 1:out1 -> cooler 1:in1    |      3.502e+02 |   5.066e+00 |       6.063e+02 | 2.046e+02 |
| cooler 1:out1 -> compressor stage 2:in1    |      3.502e+02 |   4.965e+00 |       4.640e+02 | [94m6.500e+01[0m |
| compressor stage 2:out1 -> cooler 2:in1    |      3.502e+02 |   2.482e+01 |       6.801e+02 | 2.765e+02 |
| cooler 2:out1 -> compressor stage 3:in1    |      3.502e+02 |   2.433e+01 |       4.608e+02 | [94m6.500e+01[0m |
| compressor stage 3:out1 -> cooler 3:in1    |      3.502e+02 |   1.189e+02 |       6.949e+02 | 2.914e+02 |
| cooler 3:out1 -> power plant outlet:in1    |      3.502e+02 |   1.165e+02 |       4.476e+02 | [94m6.500e+01[0m |
| power plant outlet source:out1 -> pipe:in1 |      3.892e+01 |   1.165e+02 |       4.476e+02 | 6.500e+01 |
| pipe:out1 -> cas:in1                       |      3.892e+01 |   [94m1.150e+02[0m |       4.476e+02 | 6.484e+01 |
+--------------------------------------------+----------------+-------------+-----------------+-----------+
##### RESULTS (power input) #####
+--------------------+--------------+-------------+--------------+
| component          |   comp value |   bus value |   efficiency |
|--------------------+--------------+-------------+--------------|
| compressor stage 1 |    6.544e+07 |   6.747e+07 |    9.700e-01 |
| compressor stage 2 |    7.567e+07 |   7.801e+07 |    9.700e-01 |
| compressor stage 3 |    8.198e+07 |   8.452e+07 |    9.700e-01 |
| total              |    2.231e+08 |   2.300e+08 |  nan         |
+--------------------+--------------+-------------+--------------+
##### RESULTS (heat output) #####
+-------------+--------------+-------------+--------------+
| component   |   comp value |   bus value |   efficiency |
|-------------+--------------+-------------+--------------|
| cooler 1    |   -4.981e+07 |  -4.981e+07 |    1.000e+00 |
| cooler 2    |   -7.681e+07 |  -7.681e+07 |    1.000e+00 |
| cooler 3    |   -8.660e+07 |  -8.660e+07 |    1.000e+00 |
| total       |   -2.132e+08 |  -2.132e+08 |  nan         |
+-------------+--------------+-------------+--------------+
##### RESULTS (thermal input) #####
+-------------+--------------+-------------+--------------+
| component   |   comp value |   bus value |   efficiency |
|-------------+--------------+-------------+--------------|
| total       |    0.000e+00 |   0.000e+00 |          nan |
+-------------+--------------+-------------+--------------+
Offdesign test successful.
