Academic license - for non-commercial use only - expires 2021-08-21
Using license file c:\gurobi\gurobi.lic
Read LP format model from file ..\tmpmbi05w31.pyomo.lp
Reading time = 7.31 seconds
x96361: 148923 rows, 87601 columns, 341640 nonzeros
Changed value of parameter mipgap to 0.01
   Prev: 0.0001  Min: 0.0  Max: inf  Default: 0.0001
Gurobi Optimizer version 9.1.1 build v9.1.1rc0 (win64)
Thread count: 6 physical cores, 12 logical processors, using up to 12 threads
Optimize a model with 148923 rows, 87601 columns and 341640 nonzeros
Model fingerprint: 0xd326e4ad
Variable types: 70081 continuous, 17520 integer (17520 binary)
Coefficient statistics:
  Matrix range     [6e-05, 2e+02]
  Objective range  [2e+00, 2e+06]
  Bounds range     [1e+00, 2e+02]
  RHS range        [1e+00, 5e+01]
Presolve removed 43821 rows and 26290 columns (presolve time = 6s) ...
Presolve removed 43821 rows and 26290 columns (presolve time = 10s) ...
Presolve removed 43821 rows and 26291 columns
Presolve time: 15.16s
Presolved: 105102 rows, 61310 columns, 300088 nonzeros
Variable types: 43792 continuous, 17518 integer (17518 binary)

Deterministic concurrent LP optimizer: primal and dual simplex (primal and dual model)
Showing first log only...

Presolve removed 2 rows and 2 columns
Presolved: 105100 rows, 61308 columns, 300084 nonzeros


Root simplex log...

Iteration    Objective       Primal Inf.    Dual Inf.      Time
       0   -2.0830033e+06   1.473663e+05   5.172322e+10     24s
   28250    1.0246254e+07   1.034220e+02   1.416871e+11     25s
Warning: 1 variables dropped from basis
Warning: switch to quad precision
   29751    1.0216259e+07   9.845868e+01   5.967344e+10     30s
   30479    1.0216398e+07   9.359054e+01   5.971764e+10     35s
   31207    1.0216463e+07   8.862796e+01   5.963115e+10     40s
   31753    1.0216469e+07   8.539870e+01   5.961332e+10     45s
   32481    1.0216615e+07   8.066535e+01   5.959647e+10     51s
   33209    1.0216794e+07   7.643323e+01   5.959210e+10     56s
   33755    1.0216852e+07   7.334630e+01   5.958131e+10     62s
   34301    1.0216905e+07   7.039615e+01   5.958247e+10     67s
   34665    1.0216902e+07   6.849750e+01   4.620449e+10     70s
   35029    1.0218002e+07   6.012924e+01   4.620913e+10     75s
   35393    1.0218004e+07   5.951675e+01   2.499808e+11     82s
   35757    1.0216110e+07   4.843706e+01   1.845436e+10     86s
   36303    1.0212038e+07   2.738885e+01   1.798718e+10     92s
   36665    1.0210124e+07   2.053067e+01   4.135982e+08     97s
   37029    1.0203302e+07   1.193364e+01   2.975582e+08    102s
   37199    1.0201676e+07   6.902973e+00   1.501741e+10    107s
   37479    1.0200591e+07   1.923423e-02   8.369639e+07    114s
   37661    1.0200246e+07   1.180806e-04   6.519704e+07    115s
   38472    1.0175852e+07   0.000000e+00   2.466242e+07    121s
   38836    1.0058010e+07   0.000000e+00   1.137259e+07    127s
   39158    9.9739030e+06   0.000000e+00   5.846577e+06    135s
   39298    9.9513103e+06   0.000000e+00   4.510627e+06    140s
   39428    9.9512656e+06   0.000000e+00   4.430885e+06    145s
   39668    9.9369942e+06   0.000000e+00   1.722637e+06    154s
   39768    9.9369553e+06   0.000000e+00   4.231192e+06    157s
   39868    9.9369062e+06   0.000000e+00   4.177321e+06    160s
   40128    9.7860085e+06   0.000000e+00   2.452647e+06    172s
   40258    9.7018968e+06   0.000000e+00   3.519911e+06    180s
   40368    9.3340276e+06   0.000000e+00   5.285667e+06    187s
   40468    9.2264626e+06   0.000000e+00   2.148414e+06    191s
   40578    8.9144595e+06   0.000000e+00   3.629597e+06    197s
   40688    8.6684449e+06   0.000000e+00   1.841616e+06    204s
   40788    8.4807446e+06   0.000000e+00   3.207033e+06    210s
   40898    8.3261710e+06   0.000000e+00   3.211240e+06    217s
   41078    8.1409586e+06   0.000000e+00   1.595060e+06    224s
   41198    8.0152534e+06   0.000000e+00   3.053912e+06    227s
   41458    7.7209627e+06   0.000000e+00   2.372107e+06    234s
   41628    7.5535028e+06   0.000000e+00   2.755755e+06    239s
   41808    7.4303687e+06   0.000000e+00   2.193088e+06    244s
   41948    7.2042319e+06   0.000000e+00   2.920050e+06    248s
   42068    7.0654795e+06   0.000000e+00   2.085445e+06    252s
   42228    6.9348342e+06   0.000000e+00   2.387379e+06    257s
   42398    6.7969377e+06   0.000000e+00   1.225634e+06    262s
   42528    6.6176275e+06   0.000000e+00   1.880675e+06    266s
   42718    6.4978474e+06   0.000000e+00   1.188444e+06    272s
   42898    6.3921775e+06   0.000000e+00   1.742302e+06    277s
   43168    6.1903789e+06   0.000000e+00   1.171588e+06    283s
   43418    5.6962127e+06   0.000000e+00   2.902322e+06    288s
   43618    5.3412929e+06   0.000000e+00   1.721479e+06    291s
   44040    5.0935868e+06   0.000000e+00   4.699971e+06    296s
   44691    4.9702641e+06   0.000000e+00   1.462437e+06    301s
   45113    4.7303233e+06   0.000000e+00   2.178098e+06    306s
   45463    4.5049005e+06   0.000000e+00   1.083408e+06    312s
   45763    4.3631567e+06   0.000000e+00   1.179771e+06    316s
Concurrent spin time: 104.96s

Solved with dual simplex (primal model)

Root relaxation: objective -1.658227e+06, 43793 iterations, 296.16 seconds

    Nodes    |    Current Node    |     Objective Bounds      |     Work
 Expl Unexpl |  Obj  Depth IntInf | Incumbent    BestBd   Gap | It/Node Time

     0     0 -1658226.7    0  266          - -1658226.7      -     -  320s
H    0     0                    -1568868.359 -1658226.7  5.70%     -  326s
     0     0 -1655720.7    0  224 -1568868.4 -1655720.7  5.54%     -  335s
H    0     0                    -1626946.973 -1655720.7  1.77%     -  340s
     0     0 -1655711.5    0  224 -1626947.0 -1655711.5  1.77%     -  345s
     0     0 -1655649.4    0  224 -1626947.0 -1655649.4  1.76%     -  345s
     0     0 -1655591.7    0  225 -1626947.0 -1655591.7  1.76%     -  346s
     0     0 -1655537.0    0  226 -1626947.0 -1655537.0  1.76%     -  347s
     0     0 -1655482.3    0  227 -1626947.0 -1655482.3  1.75%     -  347s
     0     0 -1655428.8    0  228 -1626947.0 -1655428.8  1.75%     -  348s
     0     0 -1655376.2    0  228 -1626947.0 -1655376.2  1.75%     -  349s
     0     0 -1655323.3    0  229 -1626947.0 -1655323.3  1.74%     -  350s
     0     0 -1655271.0    0  229 -1626947.0 -1655271.0  1.74%     -  351s
     0     0 -1655239.2    0  229 -1626947.0 -1655239.2  1.74%     -  351s
     0     0 -1655238.9    0  229 -1626947.0 -1655238.9  1.74%     -  352s
     0     0 -1655161.3    0  228 -1626947.0 -1655161.3  1.73%     -  353s
     0     0 -1655083.4    0  228 -1626947.0 -1655083.4  1.73%     -  353s
     0     0 -1655050.8    0  227 -1626947.0 -1655050.8  1.73%     -  354s
     0     0 -1655016.7    0  226 -1626947.0 -1655016.7  1.73%     -  355s
     0     0 -1654984.4    0  225 -1626947.0 -1654984.4  1.72%     -  355s
     0     0 -1654952.1    0  225 -1626947.0 -1654952.1  1.72%     -  356s
     0     0 -1654919.8    0  224 -1626947.0 -1654919.8  1.72%     -  357s
     0     0 -1654887.5    0  223 -1626947.0 -1654887.5  1.72%     -  357s
     0     0 -1654855.3    0  222 -1626947.0 -1654855.3  1.72%     -  358s
     0     0 -1654827.6    0  222 -1626947.0 -1654827.6  1.71%     -  359s
     0     0 -1654825.6    0  223 -1626947.0 -1654825.6  1.71%     -  360s
     0     0 -1654823.8    0  224 -1626947.0 -1654823.8  1.71%     -  360s
     0     0 -1654822.0    0  225 -1626947.0 -1654822.0  1.71%     -  361s
     0     0 -1654820.7    0  226 -1626947.0 -1654820.7  1.71%     -  361s
     0     0 -1654819.3    0  227 -1626947.0 -1654819.3  1.71%     -  362s
     0     0 -1654817.5    0  228 -1626947.0 -1654817.5  1.71%     -  362s
     0     0 -1654816.2    0  228 -1626947.0 -1654816.2  1.71%     -  363s
     0     0 -1654814.7    0  229 -1626947.0 -1654814.7  1.71%     -  363s
     0     0 -1654812.6    0  229 -1626947.0 -1654812.6  1.71%     -  364s
     0     0 -1654809.6    0  230 -1626947.0 -1654809.6  1.71%     -  365s
     0     0 -1654806.2    0  231 -1626947.0 -1654806.2  1.71%     -  365s
     0     0 -1654802.9    0  231 -1626947.0 -1654802.9  1.71%     -  366s
     0     0 -1654799.5    0  232 -1626947.0 -1654799.5  1.71%     -  366s
     0     0 -1654796.1    0  233 -1626947.0 -1654796.1  1.71%     -  367s
     0     0 -1654773.9    0  233 -1626947.0 -1654773.9  1.71%     -  368s
     0     0 -1654753.3    0  232 -1626947.0 -1654753.3  1.71%     -  368s
     0     0 -1654732.9    0  231 -1626947.0 -1654732.9  1.71%     -  369s
     0     0 -1654712.7    0  231 -1626947.0 -1654712.7  1.71%     -  369s
     0     0 -1654693.0    0  230 -1626947.0 -1654693.0  1.71%     -  369s
     0     0 -1654674.0    0  230 -1626947.0 -1654674.0  1.70%     -  370s
     0     0 -1654656.5    0  229 -1626947.0 -1654656.5  1.70%     -  370s
     0     0 -1654638.9    0  229 -1626947.0 -1654638.9  1.70%     -  371s
     0     0 -1654621.2    0  229 -1626947.0 -1654621.2  1.70%     -  372s
     0     0 -1654603.4    0  229 -1626947.0 -1654603.4  1.70%     -  372s
     0     0 -1654603.2    0  229 -1626947.0 -1654603.2  1.70%     -  373s
     0     0 -1654600.5    0  229 -1626947.0 -1654600.5  1.70%     -  377s
     0     0 -1654548.3    0  229 -1626947.0 -1654548.3  1.70%     -  427s
     0     0 -1654495.5    0  217 -1626947.0 -1654495.5  1.69%     -  429s
     0     0 -1654442.0    0  217 -1626947.0 -1654442.0  1.69%     -  430s
     0     0 -1654321.4    0  216 -1626947.0 -1654321.4  1.68%     -  431s
     0     0 -1654320.5    0  216 -1626947.0 -1654320.5  1.68%     -  444s
     0     0 -1654320.2    0  216 -1626947.0 -1654320.2  1.68%     -  624s
     0     0 -1654320.2    0  216 -1626947.0 -1654320.2  1.68%     -  763s
     0     2 -1654320.2    0  216 -1626947.0 -1654320.2  1.68%     -  813s
     3     8 -1654167.0    2  213 -1626947.0 -1654222.3  1.68%   1.7  815s
   107   116 -1653399.9   19  185 -1626947.0 -1654171.7  1.67%   2.2  820s
   234   249 -1651365.5   40  167 -1626947.0 -1654171.7  1.67%   2.0  825s
   327   340 -1650274.5   57  157 -1626947.0 -1654171.7  1.67%   2.1  830s
   386   393 -1650055.6   70  156 -1626947.0 -1654171.7  1.67%   2.3  835s
   440   455 -1649880.9   79  155 -1626947.0 -1654171.7  1.67%   2.3  840s
   520   538 -1648999.5   94  146 -1626947.0 -1654171.7  1.67%   2.3  846s
   635   656 -1647570.2  114  124 -1626947.0 -1654171.7  1.67%   2.4  851s
   695   722 -1646940.8  124  127 -1626947.0 -1654171.7  1.67%   2.5  855s
   784   822 -1646639.5  134  120 -1626947.0 -1654171.7  1.67%   2.5  860s
   861   902 -1646297.0  146  111 -1626947.0 -1654171.7  1.67%   2.6  865s
   961   987 -1645893.5  160  114 -1626947.0 -1654171.7  1.67%   2.7  870s
  1020  1058 -1645794.7  166  117 -1626947.0 -1654171.7  1.67%   2.7  875s
  1089  1113 -1645742.8  172  120 -1626947.0 -1654171.7  1.67%   2.7  881s
  1141  1172 -1645699.5  177  122 -1626947.0 -1654171.7  1.67%   2.8  887s
  1171  1209 -1645698.6  181  122 -1626947.0 -1654171.7  1.67%   2.8  890s
  1224  1324 -1645686.7  190  122 -1626947.0 -1654171.7  1.67%   2.9  895s
  1365  1400 -1645637.9  210  109 -1626947.0 -1654171.7  1.67%   2.9  902s
  1399  1431 -1645626.4  217  111 -1626947.0 -1654171.7  1.67%   2.9  905s
  1461  1499 -1645607.2  228  114 -1626947.0 -1654171.7  1.67%   2.9  912s
  1498  1532 -1645597.1  234  117 -1626947.0 -1654171.7  1.67%   2.9  915s
  1561  1596 -1645523.7  243  124 -1626947.0 -1654171.7  1.67%   2.9  921s
  1595  1624 -1645477.7  248  129 -1626947.0 -1654171.7  1.67%   2.9  925s
  1667  1706 -1645405.6  260  134 -1626947.0 -1654171.7  1.67%   2.8  934s
  1705  1745 -1645404.4  267  134 -1626947.0 -1654171.7  1.67%   2.8  937s
  1744  1796 -1645376.5  275  133 -1626947.0 -1654171.7  1.67%   2.8  942s
  1795  1857 -1645323.6  282  132 -1626947.0 -1654171.7  1.67%   2.8  947s
  1856  1917 -1645308.2  293  126 -1626947.0 -1654171.7  1.67%   2.8  953s
  1916  1984 -1645289.8  304  124 -1626947.0 -1654171.7  1.67%   2.8  960s
  1983  2042 -1645282.3  314  124 -1626947.0 -1654171.7  1.67%   2.7  966s
  2041  2090 -1645275.1  324  123 -1626947.0 -1654171.7  1.67%   2.7  972s
  2089  2108 -1645270.0  332  122 -1626947.0 -1654171.7  1.67%   2.7  977s
  2107  2185 -1645265.9  334  113 -1626947.0 -1654171.7  1.67%   2.9  983s
  2184  2224 -1645166.6  347  105 -1626947.0 -1654171.7  1.67%   2.9  989s
  2223  2297 -1645060.8  351  105 -1626947.0 -1654171.7  1.67%   3.1  996s
  2296  2377 -1644902.7  359  102 -1626947.0 -1654171.7  1.67%   3.1 1007s
  2376  2445 -1644624.8  367   96 -1626947.0 -1654171.7  1.67%   3.1 1017s
  2444  2530 -1644155.8  379  110 -1626947.0 -1654171.7  1.67%   3.3 1027s
  2529  2638 -1643814.7  390  112 -1626947.0 -1654171.7  1.67%   3.4 1036s
H 2637  2644                    -1641561.609 -1654171.7  0.77%   3.4 1080s
H 2641  2644                    -1641577.524 -1654171.7  0.77%   3.4 1080s

Cutting planes:
  Gomory: 36
  Implied bound: 64
  MIR: 69
  Flow cover: 197
  Relax-and-lift: 1

Explored 2643 nodes (53391 simplex iterations) in 1081.21 seconds
Thread count was 12 (of 12 available processors)

Solution count 4: -1.64158e+06 -1.64156e+06 -1.62695e+06 -1.56887e+06 

Optimal solution found (tolerance 1.00e-02)
Best objective -1.641577523936e+06, best bound -1.654171682064e+06, gap 0.7672%
