iter	| residual | massflow | pressure | enthalpy | fluid
--------+----------+----------+----------+----------+---------
1	| 6.32e+07 | 9.72e+01 | 1.61e+07 | 1.76e+06 | 2.38e+01
2	| 5.96e+07 | 6.60e-01 | 7.70e+05 | 2.02e+06 | 2.36e-01
3	| 3.87e+06 | 4.21e-01 | 3.33e+05 | 5.01e+05 | 4.80e-02
4	| 1.06e+06 | 1.17e-01 | 1.15e+05 | 1.26e+05 | 1.34e-02
5	| 2.88e+05 | 5.68e-02 | 5.73e+03 | 6.49e+04 | 6.60e-03
6	| 1.42e+05 | 2.59e-03 | 1.20e-09 | 9.84e+03 | 2.97e-04
7	| 6.39e+03 | 1.03e-04 | 1.20e-09 | 4.55e+02 | 1.20e-05
8	| 2.59e+02 | 4.09e-06 | 1.20e-09 | 1.83e+01 | 4.76e-07
9	| 1.02e+01 | 1.62e-07 | 1.20e-09 | 7.25e-01 | 1.88e-08
10	| 4.05e-01 | 6.40e-09 | 1.20e-09 | 2.87e-02 | 7.44e-10
11	| 1.60e-02 | 2.53e-10 | 1.20e-09 | 1.13e-03 | 2.94e-11
12	| 6.34e-04 | 1.00e-11 | 1.20e-09 | 4.49e-05 | 1.16e-12
--------+----------+----------+----------+----------+---------
Total iterations: 12, Calculation time: 1.1 s, Iterations per second: 11.39
iter	| residual | massflow | pressure | enthalpy | fluid
--------+----------+----------+----------+----------+---------
1	| 7.41e+07 | 1.96e+02 | 1.71e+04 | 2.72e+04 | 1.24e-01
2	| 7.62e+06 | 7.73e-01 | 1.18e+04 | 1.03e+05 | 1.10e-01
3	| 4.74e+06 | 1.67e+00 | 3.18e+02 | 8.22e+04 | 1.62e-03
4	| 7.23e+04 | 4.27e-02 | 7.43e+00 | 2.41e+03 | 1.24e-04
5	| 7.49e+03 | 5.72e-03 | 1.08e+00 | 1.88e+02 | 4.83e-06
6	| 2.92e+02 | 2.27e-04 | 4.28e-02 | 7.35e+00 | 1.91e-07
7	| 1.15e+01 | 8.96e-06 | 1.69e-03 | 2.91e-01 | 7.54e-09
8	| 4.57e-01 | 3.54e-07 | 6.69e-05 | 1.15e-02 | 2.98e-10
9	| 1.81e-02 | 1.40e-08 | 2.65e-06 | 4.55e-04 | 1.18e-11
10	| 7.15e-04 | 5.55e-10 | 1.06e-07 | 1.80e-05 | 4.67e-13
--------+----------+----------+----------+----------+---------
Total iterations: 10, Calculation time: 0.6 s, Iterations per second: 15.65
iter	| residual | massflow | pressure | enthalpy | fluid
--------+----------+----------+----------+----------+---------
1	| 2.85e-05 | 1.07e-12 | 2.07e-09 | 1.99e-09 | 5.37e-14
2	| 3.25e-06 | 6.17e-12 | 4.81e-08 | 3.92e-08 | 9.77e-15
3	| 3.10e-06 | 3.82e-12 | 1.30e-08 | 1.67e-08 | 4.50e-15
4	| 2.22e-06 | 1.42e-12 | 6.71e-09 | 4.51e-09 | 1.01e-15
5	| 2.19e-06 | 3.94e-13 | 5.33e-09 | 4.04e-09 | 2.94e-16
--------+----------+----------+----------+----------+---------
Total iterations: 5, Calculation time: 0.3 s, Iterations per second: 15.38
##### RESULTS (Pipe) #####
+---------+----------+----------+----------+----------+----------+----------+----------+----------+
| label   |        Q |       pr |     zeta |        D |        L |       ks |       kA |     Tamb |
|---------+----------+----------+----------+----------+----------+----------+----------+----------|
| pipe    | 0.00e+00 | 9.98e-01 | 1.46e+04 | 2.50e-01 | 1.06e+03 | 4.00e-05 | 1.00e+00 | 1.00e+00 |
+---------+----------+----------+----------+----------+----------+----------+----------+----------+
##### RESULTS (CombustionChamber) #####
+------------+----------+----------+
| label      |     lamb |       ti |
|------------+----------+----------|
| combustion | 1.22e+00 | 1.34e+08 |
+------------+----------+----------+
##### RESULTS (HeatExchanger) #####
+-------------+-----------+----------+----------+----------+----------+----------+----------+----------+----------+
| label       |         Q |       kA |   td_log |    ttd_u |    ttd_l |      pr1 |      pr2 |    zeta1 |    zeta2 |
|-------------+-----------+----------+----------+----------+----------+----------+----------+----------+----------|
| recuperator | -6.61e+07 | 7.15e+05 | 9.24e+01 | 7.54e+01 | 1.12e+02 | 9.80e-01 | 9.80e-01 | 9.98e-02 | 1.12e+03 |
+-------------+-----------+----------+----------+----------+----------+----------+----------+----------+----------+
##### RESULTS (Turbine) #####
+------------+-----------+----------+----------+
| label      |         P |    eta_s |       pr |
|------------+-----------+----------+----------|
| turbine hp | -4.06e+07 | 8.50e-01 | 1.02e-01 |
| turbine lp | -7.80e+07 | 9.00e-01 | 1.07e-01 |
+------------+-----------+----------+----------+
##### RESULTS (Valve) #####
+--------------------------+----------+----------+
| label                    |       pr |     zeta |
|--------------------------+----------+----------|
| combustion pressure loss | 9.70e-01 | 6.38e+00 |
+--------------------------+----------+----------+
##### RESULTS (connections) #####
+-------------------------------------------------+----------------+-------------+-----------------+-----------+
|                                                 |   m / (kg / s) |   p / (bar) |   h / (kJ / kg) |   T / (C) |
|-------------------------------------------------+----------------+-------------+-----------------+-----------|
| cas:out1 -> pipe:in1                            |      1.249e+01 |   1.000e+02 |       2.999e+02 | 3.820e+01 |
| fuel source:out1 -> combustion:in1              |      2.673e+00 |   1.000e+01 |       8.897e+02 | 2.000e+01 |
| pipe:out1 -> powerplant input:in1               |      1.249e+01 |   9.983e+01 |       2.999e+02 | 3.818e+01 |
| powerplant input source:out1 -> recuperator:in2 |      1.124e+02 |   9.983e+01 |       2.999e+02 | 3.818e+01 |
| recuperator:out2 -> turbine hp:in1              |      1.124e+02 |   9.784e+01 |       8.878e+02 | 5.831e+02 |
| turbine hp:out1 -> combustion:in2               |      1.124e+02 |   1.000e+01 |       5.269e+02 | 2.498e+02 |
| combustion:out1 -> combustion pressure loss:in1 |      1.151e+02 |   1.000e+01 |       1.815e+03 | 1.200e+03 |
| combustion pressure loss:out1 -> turbine lp:in1 |      1.151e+02 |   9.700e+00 |       1.815e+03 | 1.200e+03 |
| turbine lp:out1 -> recuperator:in1              |      1.151e+02 |   1.034e+00 |       1.138e+03 | 6.585e+02 |
| recuperator:out1 -> ambient:in1                 |      1.151e+02 |   1.013e+00 |       5.637e+02 | 1.500e+02 |
+-------------------------------------------------+----------------+-------------+-----------------+-----------+
##### RESULTS (power output) #####
+-------------+--------------+-------------+--------------+
| component   |   comp value |   bus value |   efficiency |
|-------------+--------------+-------------+--------------|
| turbine hp  |   -4.057e+07 |  -3.936e+07 |    9.700e-01 |
| turbine lp  |   -7.798e+07 |  -7.564e+07 |    9.700e-01 |
| total       |   -1.186e+08 |  -1.150e+08 |  nan         |
+-------------+--------------+-------------+--------------+
##### RESULTS (heat bus) #####
+-------------+--------------+-------------+--------------+
| component   |   comp value |   bus value |   efficiency |
|-------------+--------------+-------------+--------------|
| total       |    0.000e+00 |   0.000e+00 |          nan |
+-------------+--------------+-------------+--------------+
##### RESULTS (heat input) #####
+-------------+--------------+-------------+--------------+
| component   |   comp value |   bus value |   efficiency |
|-------------+--------------+-------------+--------------|
| combustion  |    1.337e+08 |   1.337e+08 |    1.000e+00 |
| total       |    1.337e+08 |   1.337e+08 |  nan         |
+-------------+--------------+-------------+--------------+
Offdesign test successful.
