iter	| residual | massflow | pressure | enthalpy | fluid
--------+----------+----------+----------+----------+---------
1	| 2.31e+08 | 1.53e+03 | 1.81e+07 | 1.17e+07 | 0.00e+00
2	| 2.72e+09 | 3.54e+02 | 2.05e+06 | 2.45e+06 | 0.00e+00
3	| 4.96e+08 | 2.21e+03 | 9.29e+05 | 8.82e+04 | 0.00e+00
4	| 1.01e+07 | 1.73e+01 | 6.34e+05 | 1.84e+05 | 0.00e+00
5	| 1.38e+05 | 3.00e-01 | 1.65e+04 | 3.11e+03 | 0.00e+00
6	| 4.05e+01 | 1.11e-04 | 3.49e-01 | 9.29e-01 | 0.00e+00
7	| 4.60e-06 | 1.28e-10 | 1.07e-07 | 2.31e-07 | 0.00e+00
--------+----------+----------+----------+----------+---------
Total iterations: 7, Calculation time: 0.3 s, Iterations per second: 21.89
iter	| residual | massflow | pressure | enthalpy | fluid
--------+----------+----------+----------+----------+---------
1	| 9.33e-08 | 3.93e-13 | 4.36e-08 | 2.78e-09 | 0.00e+00
2	| 5.96e-08 | 3.80e-13 | 1.10e-09 | 2.89e-09 | 0.00e+00
3	| 1.53e-09 | 2.73e-12 | 2.05e-09 | 3.11e-09 | 0.00e+00
4	| 8.94e-08 | 8.33e-13 | 1.83e-09 | 2.91e-09 | 0.00e+00
5	| 5.97e-08 | 4.08e-12 | 3.27e-09 | 3.82e-09 | 0.00e+00
--------+----------+----------+----------+----------+---------
Total iterations: 5, Calculation time: 0.1 s, Iterations per second: 47.65
##### RESULTS (Compressor) #####
+--------------------+----------+----------+----------+----------+
| label              |        P |    eta_s |       pr |     igva |
|--------------------+----------+----------+----------+----------|
| compressor stage 1 | 7.15e+07 | 9.20e-01 | 5.00e+00 | 0.00e+00 |
| compressor stage 2 | 7.29e+07 | 9.20e-01 | 5.00e+00 | 0.00e+00 |
| compressor stage 3 | 7.87e+07 | 8.50e-01 | 4.89e+00 | 0.00e+00 |
+--------------------+----------+----------+----------+----------+
##### RESULTS (HeatExchangerSimple) #####
+----------+-----------+----------+----------+----------+----------+----------+----------+----------+
| label    |         Q |       pr |     zeta |        D |        L |       ks |       kA |     Tamb |
|----------+-----------+----------+----------+----------+----------+----------+----------+----------|
| cooler 1 | -6.99e+07 | 9.80e-01 | 3.86e-01 | 1.00e+00 | 1.00e+00 | 1.00e-04 | 1.00e+00 | 1.00e+00 |
| cooler 2 | -7.45e+07 | 9.80e-01 | 9.14e+00 | 1.00e+00 | 1.00e+00 | 1.00e-04 | 1.00e+00 | 1.00e+00 |
| cooler 3 | -8.57e+07 | 9.80e-01 | 2.01e+02 | 1.00e+00 | 1.00e+00 | 1.00e-04 | 1.00e+00 | 1.00e+00 |
+----------+-----------+----------+----------+----------+----------+----------+----------+----------+
##### RESULTS (Pipe) #####
+---------+----------+----------+----------+----------+----------+----------+----------+----------+
| label   |        Q |       pr |     zeta |        D |        L |       ks |       kA |     Tamb |
|---------+----------+----------+----------+----------+----------+----------+----------+----------|
| pipe    | 0.00e+00 | 9.87e-01 | 1.43e+04 | 2.50e-01 | 1.06e+03 | 4.00e-05 | 1.00e+00 | 1.00e+00 |
+---------+----------+----------+----------+----------+----------+----------+----------+----------+
##### RESULTS (connections) #####
+--------------------------------------------+----------------+-------------+-----------------+-----------+
|                                            |   m / (kg / s) |   p / (bar) |   h / (kJ / kg) |   T / (C) |
|--------------------------------------------+----------------+-------------+-----------------+-----------|
| fresh air:out1 -> compressor stage 1:in1   |      3.825e+02 |   1.013e+00 |       4.194e+02 | 2.000e+01 |
| compressor stage 1:out1 -> cooler 1:in1    |      3.825e+02 |   5.066e+00 |       6.063e+02 | 2.046e+02 |
| cooler 1:out1 -> compressor stage 2:in1    |      3.825e+02 |   4.965e+00 |       4.235e+02 | 2.500e+01 |
| compressor stage 2:out1 -> cooler 2:in1    |      3.825e+02 |   2.482e+01 |       6.141e+02 | 2.132e+02 |
| cooler 2:out1 -> compressor stage 3:in1    |      3.825e+02 |   2.433e+01 |       4.192e+02 | 2.500e+01 |
| compressor stage 3:out1 -> cooler 3:in1    |      3.825e+02 |   1.189e+02 |       6.251e+02 | 2.268e+02 |
| cooler 3:out1 -> power plant outlet:in1    |      3.825e+02 |   1.165e+02 |       4.012e+02 | 2.500e+01 |
| power plant outlet source:out1 -> pipe:in1 |      4.250e+01 |   1.165e+02 |       4.012e+02 | 2.500e+01 |
| pipe:out1 -> cas:in1                       |      4.250e+01 |   1.150e+02 |       4.012e+02 | 2.478e+01 |
+--------------------------------------------+----------------+-------------+-----------------+-----------+
##### RESULTS (power input) #####
+--------------------+--------------+-------------+--------------+
| component          |   comp value |   bus value |   efficiency |
|--------------------+--------------+-------------+--------------|
| compressor stage 1 |    7.147e+07 |   7.368e+07 |    9.700e-01 |
| compressor stage 2 |    7.288e+07 |   7.514e+07 |    9.700e-01 |
| compressor stage 3 |    7.875e+07 |   8.118e+07 |    9.700e-01 |
| total              |    2.231e+08 |   2.300e+08 |  nan         |
+--------------------+--------------+-------------+--------------+
##### RESULTS (heat output) #####
+-------------+--------------+-------------+--------------+
| component   |   comp value |   bus value |   efficiency |
|-------------+--------------+-------------+--------------|
| cooler 1    |   -6.989e+07 |  -6.989e+07 |    1.000e+00 |
| cooler 2    |   -7.454e+07 |  -7.454e+07 |    1.000e+00 |
| cooler 3    |   -8.565e+07 |  -8.565e+07 |    1.000e+00 |
| total       |   -2.301e+08 |  -2.301e+08 |  nan         |
+-------------+--------------+-------------+--------------+
##### RESULTS (thermal input) #####
+-------------+--------------+-------------+--------------+
| component   |   comp value |   bus value |   efficiency |
|-------------+--------------+-------------+--------------|
| total       |    0.000e+00 |   0.000e+00 |          nan |
+-------------+--------------+-------------+--------------+
Offdesign test successful.
